<?xml version="1.0" encoding="utf-8"?><testsuites><testsuite name="pytest" errors="0" failures="0" skipped="0" tests="127" time="138.199" timestamp="2020-10-22T12:21:29.965329" hostname="richards-macbook-pro.home"><testcase classname="mne_bids.commands.tests.test_cli" name="test_raw_to_bids" time="0.306" /><testcase classname="mne_bids.commands.tests.test_cli" name="test_cp" time="0.006" /><testcase classname="mne_bids.commands.tests.test_cli" name="test_mark_bad_chanels_single_file" time="0.467" /><testcase classname="mne_bids.commands.tests.test_cli" name="test_mark_bad_chanels_multiple_files" time="0.981" /><testcase classname="mne_bids.commands.tests.test_cli" name="test_calibration_to_bids" time="0.015" /><testcase classname="mne_bids.commands.tests.test_cli" name="test_crosstalk_to_bids" time="0.007" /><testcase classname="mne_bids.tests.test_copyfiles" name="test_get_brainvision_encoding" time="0.002" /><testcase classname="mne_bids.tests.test_copyfiles" name="test_get_brainvision_paths" time="0.003" /><testcase classname="mne_bids.tests.test_copyfiles" name="test_copyfile_brainvision" time="0.028" /><testcase classname="mne_bids.tests.test_copyfiles" name="test_copyfile_eeglab" time="0.117" /><testcase classname="mne_bids.tests.test_copyfiles" name="test_copyfile_kit" time="0.041" /><testcase classname="mne_bids.tests.test_path" name="test_get_keys" time="0.349" /><testcase classname="mne_bids.tests.test_path" name="test_get_entity_vals[bogus-None-None]" time="0.001" /><testcase classname="mne_bids.tests.test_path" name="test_get_entity_vals[subject-expected_vals1-None]" time="0.003" /><testcase classname="mne_bids.tests.test_path" name="test_get_entity_vals[session-expected_vals2-None]" time="0.004" /><testcase classname="mne_bids.tests.test_path" name="test_get_entity_vals[run-expected_vals3-None]" time="0.003" /><testcase classname="mne_bids.tests.test_path" name="test_get_entity_vals[acquisition-expected_vals4-None]" time="0.003" /><testcase classname="mne_bids.tests.test_path" name="test_get_entity_vals[task-expected_vals5-None]" time="0.003" /><testcase classname="mne_bids.tests.test_path" name="test_get_entity_vals[subject-expected_vals6-kwargs6]" time="0.005" /><testcase classname="mne_bids.tests.test_path" name="test_get_entity_vals[subject-expected_vals7-kwargs7]" time="0.006" /><testcase classname="mne_bids.tests.test_path" name="test_get_entity_vals[session-expected_vals8-kwargs8]" time="0.003" /><testcase classname="mne_bids.tests.test_path" name="test_get_entity_vals[session-expected_vals9-kwargs9]" time="0.005" /><testcase classname="mne_bids.tests.test_path" name="test_get_entity_vals[run-expected_vals10-kwargs10]" time="0.003" /><testcase classname="mne_bids.tests.test_path" name="test_get_entity_vals[run-expected_vals11-kwargs11]" time="0.002" /><testcase classname="mne_bids.tests.test_path" name="test_get_entity_vals[task-expected_vals12-kwargs12]" time="0.003" /><testcase classname="mne_bids.tests.test_path" name="test_get_entity_vals[task-expected_vals13-kwargs13]" time="0.004" /><testcase classname="mne_bids.tests.test_path" name="test_get_entity_vals[run-expected_vals14-kwargs14]" time="0.002" /><testcase classname="mne_bids.tests.test_path" name="test_get_entity_vals[run-expected_vals15-kwargs15]" time="0.002" /><testcase classname="mne_bids.tests.test_path" name="test_print_dir_tree" time="0.002" /><testcase classname="mne_bids.tests.test_path" name="test_make_folders" time="0.007" /><testcase classname="mne_bids.tests.test_path" name="test_parse_ext" time="0.001" /><testcase classname="mne_bids.tests.test_path" name="test_get_entities_from_fname[sub-01_ses-02_task-test_run-3_split-01_meg.fif]" time="0.001" /><testcase classname="mne_bids.tests.test_path" name="test_get_entities_from_fname[sub-01_ses-02_task-test_run-3_split-01.fif]" time="0.001" /><testcase classname="mne_bids.tests.test_path" name="test_get_entities_from_fname[sub-01_ses-02_task-test_run-3_split-01]" time="0.001" /><testcase classname="mne_bids.tests.test_path" name="test_get_entities_from_fname[/bids_root/sub-01/ses-02/meg/sub-01_ses-02_task-test_run-3_split-01_meg.fif]" time="0.001" /><testcase classname="mne_bids.tests.test_path" name="test_get_entities_from_fname_errors[sub-01_ses-02_task-test_run-3_split-01_meg.fif]" time="0.001" /><testcase classname="mne_bids.tests.test_path" name="test_get_entities_from_fname_errors[/bids_root/sub-01/ses-02/meg/sub-01_ses-02_task-test_run-3_split-01_meg.fif]" time="0.001" /><testcase classname="mne_bids.tests.test_path" name="test_get_entities_from_fname_errors[sub-01_ses-02_task-test_run-3_split-01_desc-tfr_meg.fif]" time="0.001" /><testcase classname="mne_bids.tests.test_path" name="test_find_best_candidates[candidate_list0-best_candidates0]" time="0.001" /><testcase classname="mne_bids.tests.test_path" name="test_find_best_candidates[candidate_list1-best_candidates1]" time="0.001" /><testcase classname="mne_bids.tests.test_path" name="test_find_best_candidates[candidate_list2-best_candidates2]" time="0.001" /><testcase classname="mne_bids.tests.test_path" name="test_find_best_candidates[candidate_list3-best_candidates3]" time="0.001" /><testcase classname="mne_bids.tests.test_path" name="test_find_best_candidates[candidate_list4-best_candidates4]" time="0.001" /><testcase classname="mne_bids.tests.test_path" name="test_find_matching_sidecar" time="0.005" /><testcase classname="mne_bids.tests.test_path" name="test_bids_path_inference" time="0.005" /><testcase classname="mne_bids.tests.test_path" name="test_bids_path" time="0.004" /><testcase classname="mne_bids.tests.test_path" name="test_make_filenames" time="0.002" /><testcase classname="mne_bids.tests.test_path" name="test_filter_fnames[entities0-9]" time="0.002" /><testcase classname="mne_bids.tests.test_path" name="test_filter_fnames[entities1-2]" time="0.002" /><testcase classname="mne_bids.tests.test_path" name="test_filter_fnames[entities2-2]" time="0.002" /><testcase classname="mne_bids.tests.test_path" name="test_filter_fnames[entities3-1]" time="0.002" /><testcase classname="mne_bids.tests.test_path" name="test_filter_fnames[entities4-4]" time="0.001" /><testcase classname="mne_bids.tests.test_path" name="test_filter_fnames[entities5-1]" time="0.002" /><testcase classname="mne_bids.tests.test_path" name="test_filter_fnames[entities6-2]" time="0.001" /><testcase classname="mne_bids.tests.test_path" name="test_filter_fnames[entities7-1]" time="0.001" /><testcase classname="mne_bids.tests.test_path" name="test_match" time="0.033" /><testcase classname="mne_bids.tests.test_path" name="test_find_empty_room" time="0.840" /><testcase classname="mne_bids.tests.test_path" name="test_find_emptyroom_ties" time="0.335" /><testcase classname="mne_bids.tests.test_path" name="test_find_emptyroom_no_meas_date" time="0.324" /><testcase classname="mne_bids.tests.test_path" name="test_bids_path_label_vs_index_entity" time="0.001" /><testcase classname="mne_bids.tests.test_path" name="test_meg_calibration_fpath" time="0.002" /><testcase classname="mne_bids.tests.test_path" name="test_meg_crosstalk_fpath" time="0.002" /><testcase classname="mne_bids.tests.test_pick" name="test_coil_type" time="0.022" /><testcase classname="mne_bids.tests.test_read" name="test_read_raw" time="0.001" /><testcase classname="mne_bids.tests.test_read" name="test_not_implemented" time="0.001" /><testcase classname="mne_bids.tests.test_read" name="test_read_correct_inputs" time="0.001" /><testcase classname="mne_bids.tests.test_read" name="test_read_participants_data" time="0.376" /><testcase classname="mne_bids.tests.test_read" name="test_read_participants_handedness_and_sex_mapping[Right-1-Female-2]" time="0.162" /><testcase classname="mne_bids.tests.test_read" name="test_read_participants_handedness_and_sex_mapping[RIGHT-1-FEMALE-2]" time="0.167" /><testcase classname="mne_bids.tests.test_read" name="test_read_participants_handedness_and_sex_mapping[R-1-F-2]" time="0.163" /><testcase classname="mne_bids.tests.test_read" name="test_read_participants_handedness_and_sex_mapping[left-2-male-1]" time="0.176" /><testcase classname="mne_bids.tests.test_read" name="test_read_participants_handedness_and_sex_mapping[l-2-m-1]" time="0.163" /><testcase classname="mne_bids.tests.test_read" name="test_get_head_mri_trans" time="0.227" /><testcase classname="mne_bids.tests.test_read" name="test_handle_events_reading" time="0.032" /><testcase classname="mne_bids.tests.test_read" name="test_handle_info_reading" time="0.281" /><testcase classname="mne_bids.tests.test_read" name="test_handle_eeg_coords_reading" time="0.515" /><testcase classname="mne_bids.tests.test_read" name="test_handle_ieeg_coords_reading[bids_path0]" time="0.506" /><testcase classname="mne_bids.tests.test_read" name="test_handle_ieeg_coords_reading[bids_path1]" time="0.494" /><testcase classname="mne_bids.tests.test_read" name="test_get_head_mri_trans_ctf" time="0.470" /><testcase classname="mne_bids.tests.test_read" name="test_read_raw_bids_pathlike" time="0.224" /><testcase classname="mne_bids.tests.test_read" name="test_read_raw_datatype" time="0.403" /><testcase classname="mne_bids.tests.test_read" name="test_handle_channel_type_casing" time="0.184" /><testcase classname="mne_bids.tests.test_read" name="test_bads_reading" time="0.745" /><testcase classname="mne_bids.tests.test_report" name="test_report" time="0.144" /><testcase classname="mne_bids.tests.test_tsv_handler" name="test_tsv_handler" time="0.002" /><testcase classname="mne_bids.tests.test_tsv_handler" name="test_contains_row_different_types" time="0.000" /><testcase classname="mne_bids.tests.test_tsv_handler" name="test_drop_different_types" time="0.000" /><testcase classname="mne_bids.tests.test_utils" name="test_get_ch_type_mapping" time="0.000" /><testcase classname="mne_bids.tests.test_utils" name="test_handle_datatype" time="0.005" /><testcase classname="mne_bids.tests.test_utils" name="test_check_types" time="0.000" /><testcase classname="mne_bids.tests.test_utils" name="test_path_to_str" time="0.001" /><testcase classname="mne_bids.tests.test_utils" name="test_age_on_date" time="0.000" /><testcase classname="mne_bids.tests.test_utils" name="test_infer_eeg_placement_scheme" time="0.136" /><testcase classname="mne_bids.tests.test_write" name="test_write_correct_inputs" time="0.022" /><testcase classname="mne_bids.tests.test_write" name="test_make_dataset_description" time="0.003" /><testcase classname="mne_bids.tests.test_write" name="test_stamp_to_dt" time="0.000" /><testcase classname="mne_bids.tests.test_write" name="test_get_anonymization_daysback" time="0.025" /><testcase classname="mne_bids.tests.test_write" name="test_create_fif" time="4.746" /><testcase classname="mne_bids.tests.test_write" name="test_fif" time="11.854" /><testcase classname="mne_bids.tests.test_write" name="test_fif_anonymize" time="2.336" /><testcase classname="mne_bids.tests.test_write" name="test_kit" time="6.633" /><testcase classname="mne_bids.tests.test_write" name="test_ctf" time="4.945" /><testcase classname="mne_bids.tests.test_write" name="test_bti" time="4.521" /><testcase classname="mne_bids.tests.test_write" name="test_vhdr" time="5.987" /><testcase classname="mne_bids.tests.test_write" name="test_eegieeg[EDF-test_reduced.edf-fn]" time="8.190" /><testcase classname="mne_bids.tests.test_write" name="test_eegieeg[Persyst-sub-pt1_ses-02_task-monitor_acq-ecog_run-01_clip2.lay-fn]" time="8.089" /><testcase classname="mne_bids.tests.test_write" name="test_eegieeg[NihonKohden-MB0400FU.EEG-fn]" time="8.019" /><testcase classname="mne_bids.tests.test_write" name="test_bdf" time="3.960" /><testcase classname="mne_bids.tests.test_write" name="test_set" time="6.160" /><testcase classname="mne_bids.tests.test_write" name="test_write_anat" time="9.077" /><testcase classname="mne_bids.tests.test_write" name="test_write_raw_pathlike" time="0.204" /><testcase classname="mne_bids.tests.test_write" name="test_write_raw_no_dig" time="0.312" /><testcase classname="mne_bids.tests.test_write" name="test_write_anat_pathlike" time="0.126" /><testcase classname="mne_bids.tests.test_write" name="test_write_does_not_alter_events_inplace" time="0.189" /><testcase classname="mne_bids.tests.test_write" name="test_mark_bad_channels[ch_names0-None-False-False-existing_ch_names0-existing_descriptions0-None-False]" time="4.525" /><testcase classname="mne_bids.tests.test_write" name="test_mark_bad_channels[MEG 0112-None-False-False-existing_ch_names1-existing_descriptions1-None-False]" time="4.483" /><testcase classname="mne_bids.tests.test_write" name="test_mark_bad_channels[nonsense-None-False-False-existing_ch_names2-existing_descriptions2-None-False]" time="0.213" /><testcase classname="mne_bids.tests.test_write" name="test_mark_bad_channels[ch_names3-descriptions3-False-False-existing_ch_names3-existing_descriptions3-None-False]" time="4.722" /><testcase classname="mne_bids.tests.test_write" name="test_mark_bad_channels[MEG 0112-Really bad!-False-False-existing_ch_names4-existing_descriptions4-None-False]" time="4.530" /><testcase classname="mne_bids.tests.test_write" name="test_mark_bad_channels[ch_names5-descriptions5-False-False-existing_ch_names5-existing_descriptions5-None-False]" time="0.153" /><testcase classname="mne_bids.tests.test_write" name="test_mark_bad_channels[ch_names6-descriptions6-False-False-existing_ch_names6-existing_descriptions6-meg-False]" time="4.497" /><testcase classname="mne_bids.tests.test_write" name="test_mark_bad_channels[MEG 0112-Really bad!-True-True-existing_ch_names7-existing_descriptions7-None-False]" time="4.760" /><testcase classname="mne_bids.tests.test_write" name="test_mark_bad_channels[ch_names8-descriptions8-False-False-existing_ch_names8-existing_descriptions8-None-False]" time="4.629" /><testcase classname="mne_bids.tests.test_write" name="test_mark_bad_channels[ch_names9-descriptions9-False-False-existing_ch_names9-existing_descriptions9-None-True]" time="2.403" /><testcase classname="mne_bids.tests.test_write" name="test_mark_bad_channels_files" time="0.145" /><testcase classname="mne_bids.tests.test_write" name="test_write_meg_calibration" time="4.383" /><testcase classname="mne_bids.tests.test_write" name="test_write_meg_crosstalk" time="2.128" /></testsuite></testsuites>